<?xml version="1.0" encoding="UTF-8"?>
<robot generator="Robot 6.0 (Python 3.11.0 on win32)" generated="20221027 10:50:02.787" rpa="false" schemaversion="3">
<suite id="s1" name="Amazon Testes" source="C:\Users\AEPC\Documents\Projetos\Udemy\Robot-Basico\WebTesting\amazon_testes.robot">
<test id="s1-t1" name="Caso de Teste 01 - Acesso ao menu &quot;Livros&quot;" line="8">
<kw name="Abrir o navegador" library="amazon_resources" type="SETUP">
<kw name="Open Browser" library="SeleniumLibrary">
<arg>browser=chrome</arg>
<doc>Opens a new browser instance to the optional ``url``.</doc>
<msg timestamp="20221027 10:50:04.012" level="INFO">Opening browser 'chrome' to base url 'None'.</msg>
<status status="PASS" starttime="20221027 10:50:04.011" endtime="20221027 10:50:08.584"/>
</kw>
<kw name="Maximize Browser Window" library="SeleniumLibrary">
<doc>Maximizes current browser window.</doc>
<status status="PASS" starttime="20221027 10:50:08.584" endtime="20221027 10:50:08.868"/>
</kw>
<status status="PASS" starttime="20221027 10:50:04.007" endtime="20221027 10:50:08.868"/>
</kw>
<kw name="Acessar a home page do site Amazon.com.br" library="amazon_resources">
<kw name="Go To" library="SeleniumLibrary">
<arg>url=${URL}</arg>
<doc>Navigates the current browser window to the provided ``url``.</doc>
<msg timestamp="20221027 10:50:08.878" level="INFO">Opening url 'https://www.amazon.com.br/'</msg>
<status status="PASS" starttime="20221027 10:50:08.877" endtime="20221027 10:50:14.620"/>
</kw>
<kw name="Wait Until Element Is Visible" library="SeleniumLibrary">
<arg>locator=${MENU_LIVROS}</arg>
<doc>Waits until the element ``locator`` is visible.</doc>
<status status="PASS" starttime="20221027 10:50:14.620" endtime="20221027 10:50:15.707"/>
</kw>
<status status="PASS" starttime="20221027 10:50:08.877" endtime="20221027 10:50:15.707"/>
</kw>
<kw name="Entrar no menu &quot;Livros&quot;" library="amazon_resources">
<kw name="Click Element" library="SeleniumLibrary">
<arg>locator=${MENU_LIVROS}</arg>
<doc>Click the element identified by ``locator``.</doc>
<msg timestamp="20221027 10:50:15.709" level="INFO">Clicking element '//a[@href='/Livros/b/?ie=UTF8&amp;node=6740748011&amp;ref_=nav_cs_books'][contains(.,'Livros')]'.</msg>
<status status="PASS" starttime="20221027 10:50:15.708" endtime="20221027 10:50:16.870"/>
</kw>
<status status="PASS" starttime="20221027 10:50:15.708" endtime="20221027 10:50:16.870"/>
</kw>
<kw name="Verificar se aparece a frase &quot;Loja de Livros&quot;" library="amazon_resources" sourcename="Verificar se aparece a frase &quot;${FRASE}&quot;">
<kw name="Wait Until Page Contains" library="SeleniumLibrary">
<arg>text=${FRASE}</arg>
<doc>Waits until ``text`` appears on the current page.</doc>
<status status="PASS" starttime="20221027 10:50:16.884" endtime="20221027 10:50:18.547"/>
</kw>
<kw name="Wait Until Element Is Visible" library="SeleniumLibrary">
<arg>locator=//h1[contains(.,'Loja de Livros')]</arg>
<doc>Waits until the element ``locator`` is visible.</doc>
<status status="PASS" starttime="20221027 10:50:18.547" endtime="20221027 10:50:19.763"/>
</kw>
<status status="PASS" starttime="20221027 10:50:16.883" endtime="20221027 10:50:19.763"/>
</kw>
<kw name="Verificar se o título da página fica &quot;Livros | Amazon.com.br&quot;" library="amazon_resources" sourcename="Verificar se o título da página fica &quot;${TITULO}&quot;">
<kw name="Title Should Be" library="SeleniumLibrary">
<arg>title=${TITULO}</arg>
<doc>Verifies that the current page title equals ``title``.</doc>
<msg timestamp="20221027 10:50:20.085" level="INFO">Page title is 'Livros | Amazon.com.br'.</msg>
<status status="PASS" starttime="20221027 10:50:19.765" endtime="20221027 10:50:20.085"/>
</kw>
<status status="PASS" starttime="20221027 10:50:19.765" endtime="20221027 10:50:20.085"/>
</kw>
<kw name="Verificar se aparece a categoria &quot;Livros&quot;" library="amazon_resources" sourcename="Verificar se aparece a categoria &quot;${NOME_CATEGORIA}&quot;">
<kw name="Element Should Be Visible" library="SeleniumLibrary">
<arg>locator=(//span[contains(.,'${NOME_CATEGORIA}')])[2]</arg>
<doc>Verifies that the element identified by ``locator`` is visible.</doc>
<msg timestamp="20221027 10:50:20.351" level="INFO">Element '(//span[contains(.,'Livros')])[2]' is displayed.</msg>
<status status="PASS" starttime="20221027 10:50:20.087" endtime="20221027 10:50:20.351"/>
</kw>
<status status="PASS" starttime="20221027 10:50:20.086" endtime="20221027 10:50:20.352"/>
</kw>
<kw name="Fechar o navegador" library="amazon_resources" type="TEARDOWN">
<kw name="Capture Page Screenshot" library="SeleniumLibrary">
<doc>Takes a screenshot of the current page and embeds it into a log file.</doc>
<msg timestamp="20221027 10:50:21.091" level="INFO" html="true">&lt;/td&gt;&lt;/tr&gt;&lt;tr&gt;&lt;td colspan="3"&gt;&lt;a href="selenium-screenshot-1.png"&gt;&lt;img src="selenium-screenshot-1.png" width="800px"&gt;&lt;/a&gt;</msg>
<status status="PASS" starttime="20221027 10:50:20.354" endtime="20221027 10:50:21.091"/>
</kw>
<kw name="Close Browser" library="SeleniumLibrary">
<doc>Closes the current browser.</doc>
<status status="PASS" starttime="20221027 10:50:21.091" endtime="20221027 10:50:27.096"/>
</kw>
<status status="PASS" starttime="20221027 10:50:20.354" endtime="20221027 10:50:27.097"/>
</kw>
<doc>Esse teste verifica o menu Livros do site Amazon.com.br
e verifica a categoria Livros</doc>
<tag>categorias</tag>
<tag>menus</tag>
<status status="PASS" starttime="20221027 10:50:04.005" endtime="20221027 10:50:27.097"/>
</test>
<test id="s1-t2" name="Caso de Teste 02 - Pesquisa de um Produto" line="18">
<kw name="Abrir o navegador" library="amazon_resources" type="SETUP">
<kw name="Open Browser" library="SeleniumLibrary">
<arg>browser=chrome</arg>
<doc>Opens a new browser instance to the optional ``url``.</doc>
<msg timestamp="20221027 10:50:27.102" level="INFO">Opening browser 'chrome' to base url 'None'.</msg>
<status status="PASS" starttime="20221027 10:50:27.101" endtime="20221027 10:50:31.913"/>
</kw>
<kw name="Maximize Browser Window" library="SeleniumLibrary">
<doc>Maximizes current browser window.</doc>
<status status="PASS" starttime="20221027 10:50:31.914" endtime="20221027 10:50:32.298"/>
</kw>
<status status="PASS" starttime="20221027 10:50:27.101" endtime="20221027 10:50:32.299"/>
</kw>
<kw name="Acessar a home page do site Amazon.com.br" library="amazon_resources">
<kw name="Go To" library="SeleniumLibrary">
<arg>url=${URL}</arg>
<doc>Navigates the current browser window to the provided ``url``.</doc>
<msg timestamp="20221027 10:50:32.354" level="INFO">Opening url 'https://www.amazon.com.br/'</msg>
<status status="PASS" starttime="20221027 10:50:32.353" endtime="20221027 10:50:38.101"/>
</kw>
<kw name="Wait Until Element Is Visible" library="SeleniumLibrary">
<arg>locator=${MENU_LIVROS}</arg>
<doc>Waits until the element ``locator`` is visible.</doc>
<status status="PASS" starttime="20221027 10:50:38.101" endtime="20221027 10:50:38.468"/>
</kw>
<status status="PASS" starttime="20221027 10:50:32.353" endtime="20221027 10:50:38.468"/>
</kw>
<kw name="Digitar o nome de produto &quot;Xbox Series S&quot; no campo de pesquisa" library="amazon_resources" sourcename="Digitar o nome de produto &quot;${PRODUTO}&quot; no campo de pesquisa">
<kw name="Input Text" library="SeleniumLibrary">
<arg>locator=twotabsearchtextbox</arg>
<arg>text=${PRODUTO}</arg>
<doc>Types the given ``text`` into the text field identified by ``locator``.</doc>
<msg timestamp="20221027 10:50:38.520" level="INFO">Typing text 'Xbox Series S' into text field 'twotabsearchtextbox'.</msg>
<status status="PASS" starttime="20221027 10:50:38.519" endtime="20221027 10:50:39.713"/>
</kw>
<status status="PASS" starttime="20221027 10:50:38.519" endtime="20221027 10:50:39.714"/>
</kw>
<kw name="Clicar no botão de pesquisa" library="amazon_resources">
<kw name="Click Button" library="SeleniumLibrary">
<arg>locator=//input[@id='nav-search-submit-button']</arg>
<doc>Clicks the button identified by ``locator``.</doc>
<msg timestamp="20221027 10:50:39.722" level="INFO">Clicking button '//input[@id='nav-search-submit-button']'.</msg>
<status status="PASS" starttime="20221027 10:50:39.721" endtime="20221027 10:50:40.280"/>
</kw>
<status status="PASS" starttime="20221027 10:50:39.720" endtime="20221027 10:50:40.280"/>
</kw>
<kw name="Verificar se foi para a página de resultado de pesquisa" library="amazon_resources">
<kw name="Wait Until Element Is Visible" library="SeleniumLibrary">
<arg>locator=//a[@id='nav-logo-sprites']</arg>
<doc>Waits until the element ``locator`` is visible.</doc>
<status status="PASS" starttime="20221027 10:50:40.295" endtime="20221027 10:50:42.932"/>
</kw>
<kw name="Title Should Be" library="SeleniumLibrary">
<arg>title=Amazon.com.br : Xbox Series S</arg>
<doc>Verifies that the current page title equals ``title``.</doc>
<msg timestamp="20221027 10:50:43.203" level="INFO">Page title is 'Amazon.com.br : Xbox Series S'.</msg>
<status status="PASS" starttime="20221027 10:50:42.932" endtime="20221027 10:50:43.204"/>
</kw>
<status status="PASS" starttime="20221027 10:50:40.294" endtime="20221027 10:50:43.204"/>
</kw>
<kw name="Fechar o navegador" library="amazon_resources" type="TEARDOWN">
<kw name="Capture Page Screenshot" library="SeleniumLibrary">
<doc>Takes a screenshot of the current page and embeds it into a log file.</doc>
<msg timestamp="20221027 10:50:44.290" level="INFO" html="true">&lt;/td&gt;&lt;/tr&gt;&lt;tr&gt;&lt;td colspan="3"&gt;&lt;a href="selenium-screenshot-2.png"&gt;&lt;img src="selenium-screenshot-2.png" width="800px"&gt;&lt;/a&gt;</msg>
<status status="PASS" starttime="20221027 10:50:43.215" endtime="20221027 10:50:44.290"/>
</kw>
<kw name="Close Browser" library="SeleniumLibrary">
<doc>Closes the current browser.</doc>
<status status="PASS" starttime="20221027 10:50:44.290" endtime="20221027 10:50:51.780"/>
</kw>
<status status="PASS" starttime="20221027 10:50:43.214" endtime="20221027 10:50:51.781"/>
</kw>
<doc>Esse teste verifica a busca de um produto</doc>
<tag>busca_produtos</tag>
<tag>lista_da_busca</tag>
<status status="PASS" starttime="20221027 10:50:27.099" endtime="20221027 10:50:51.781"/>
</test>
<test id="s1-t3" name="Caso de Teste 03 - Fazer Login com email e senha válidos" line="26">
<kw name="Abrir o navegador" library="amazon_resources" type="SETUP">
<kw name="Open Browser" library="SeleniumLibrary">
<arg>browser=chrome</arg>
<doc>Opens a new browser instance to the optional ``url``.</doc>
<msg timestamp="20221027 10:50:51.786" level="INFO">Opening browser 'chrome' to base url 'None'.</msg>
<status status="PASS" starttime="20221027 10:50:51.785" endtime="20221027 10:50:56.587"/>
</kw>
<kw name="Maximize Browser Window" library="SeleniumLibrary">
<doc>Maximizes current browser window.</doc>
<status status="PASS" starttime="20221027 10:50:56.588" endtime="20221027 10:50:57.097"/>
</kw>
<status status="PASS" starttime="20221027 10:50:51.785" endtime="20221027 10:50:57.097"/>
</kw>
<kw name="Acessar a home page do site Amazon.com.br" library="amazon_resources">
<kw name="Go To" library="SeleniumLibrary">
<arg>url=${URL}</arg>
<doc>Navigates the current browser window to the provided ``url``.</doc>
<msg timestamp="20221027 10:50:57.117" level="INFO">Opening url 'https://www.amazon.com.br/'</msg>
<status status="PASS" starttime="20221027 10:50:57.117" endtime="20221027 10:51:02.725"/>
</kw>
<kw name="Wait Until Element Is Visible" library="SeleniumLibrary">
<arg>locator=${MENU_LIVROS}</arg>
<doc>Waits until the element ``locator`` is visible.</doc>
<status status="PASS" starttime="20221027 10:51:02.725" endtime="20221027 10:51:03.380"/>
</kw>
<status status="PASS" starttime="20221027 10:50:57.116" endtime="20221027 10:51:03.380"/>
</kw>
<kw name="Clicar no botão para fazer login" library="amazon_resources">
<kw name="Click Element" library="SeleniumLibrary">
<arg>locator=//span[contains(@id,'nav-link-accountList-nav-line-1')]</arg>
<doc>Click the element identified by ``locator``.</doc>
<msg timestamp="20221027 10:51:03.382" level="INFO">Clicking element '//span[contains(@id,'nav-link-accountList-nav-line-1')]'.</msg>
<status status="PASS" starttime="20221027 10:51:03.382" endtime="20221027 10:51:05.459"/>
</kw>
<status status="PASS" starttime="20221027 10:51:03.381" endtime="20221027 10:51:05.459"/>
</kw>
<kw name="Digitar o nome de usuário válido em campo de usuário e clicar em Continuar" library="amazon_resources">
<kw name="Wait Until Element Is Visible" library="SeleniumLibrary">
<arg>locator=//input[contains(@id,'ap_email')]</arg>
<doc>Waits until the element ``locator`` is visible.</doc>
<status status="PASS" starttime="20221027 10:51:05.461" endtime="20221027 10:51:05.531"/>
</kw>
<kw name="Input Text" library="SeleniumLibrary">
<arg>locator=//input[contains(@id,'ap_email')]</arg>
<arg>text=alexandre-apr@hotmail.com</arg>
<doc>Types the given ``text`` into the text field identified by ``locator``.</doc>
<msg timestamp="20221027 10:51:05.532" level="INFO">Typing text 'alexandre-apr@hotmail.com' into text field '//input[contains(@id,'ap_email')]'.</msg>
<status status="PASS" starttime="20221027 10:51:05.531" endtime="20221027 10:51:06.293"/>
</kw>
<kw name="Click Element" library="SeleniumLibrary">
<arg>locator=//input[contains(@id,'continue')]</arg>
<doc>Click the element identified by ``locator``.</doc>
<msg timestamp="20221027 10:51:06.294" level="INFO">Clicking element '//input[contains(@id,'continue')]'.</msg>
<status status="PASS" starttime="20221027 10:51:06.293" endtime="20221027 10:51:07.639"/>
</kw>
<status status="PASS" starttime="20221027 10:51:05.460" endtime="20221027 10:51:07.640"/>
</kw>
<kw name="Digitar senha correta correta em campo senha e clicar em Fazer Login" library="amazon_resources">
<kw name="Wait Until Element Is Visible" library="SeleniumLibrary">
<arg>locator=//input[contains(@id,'signInSubmit')]</arg>
<doc>Waits until the element ``locator`` is visible.</doc>
<status status="PASS" starttime="20221027 10:51:07.684" endtime="20221027 10:51:07.785"/>
</kw>
<kw name="Input Password" library="SeleniumLibrary">
<arg>locator=//input[contains(@id,'ap_password')]</arg>
<arg>password=Salesiano01</arg>
<doc>Types the given password into the text field identified by ``locator``.</doc>
<msg timestamp="20221027 10:51:07.786" level="INFO">Typing password into text field '//input[contains(@id,'ap_password')]'.</msg>
<msg timestamp="20221027 10:51:07.865" level="INFO">Temporally setting log level to: NONE</msg>
<msg timestamp="20221027 10:51:08.000" level="INFO">Log level changed from NONE to INFO.</msg>
<status status="PASS" starttime="20221027 10:51:07.785" endtime="20221027 10:51:08.001"/>
</kw>
<kw name="Click Element" library="SeleniumLibrary">
<arg>locator=//input[contains(@id,'signInSubmit')]</arg>
<doc>Click the element identified by ``locator``.</doc>
<msg timestamp="20221027 10:51:08.002" level="INFO">Clicking element '//input[contains(@id,'signInSubmit')]'.</msg>
<status status="PASS" starttime="20221027 10:51:08.001" endtime="20221027 10:51:08.305"/>
</kw>
<status status="PASS" starttime="20221027 10:51:07.683" endtime="20221027 10:51:08.305"/>
</kw>
<kw name="Confirmar sucesso de acesso" library="amazon_resources">
<kw name="Wait Until Element Is Visible" library="SeleniumLibrary">
<arg>locator=//span[contains(.,'Olá, Alexandre')]</arg>
<doc>Waits until the element ``locator`` is visible.</doc>
<status status="PASS" starttime="20221027 10:51:08.323" endtime="20221027 10:51:14.012"/>
</kw>
<kw name="Element Should Be Visible" library="SeleniumLibrary">
<arg>locator=//span[contains(.,'Olá, Alexandre')]</arg>
<doc>Verifies that the element identified by ``locator`` is visible.</doc>
<msg timestamp="20221027 10:51:14.125" level="INFO">Element '//span[contains(.,'Olá, Alexandre')]' is displayed.</msg>
<status status="PASS" starttime="20221027 10:51:14.012" endtime="20221027 10:51:14.125"/>
</kw>
<status status="PASS" starttime="20221027 10:51:08.322" endtime="20221027 10:51:14.125"/>
</kw>
<kw name="Fechar o navegador" library="amazon_resources" type="TEARDOWN">
<kw name="Capture Page Screenshot" library="SeleniumLibrary">
<doc>Takes a screenshot of the current page and embeds it into a log file.</doc>
<msg timestamp="20221027 10:51:14.822" level="INFO" html="true">&lt;/td&gt;&lt;/tr&gt;&lt;tr&gt;&lt;td colspan="3"&gt;&lt;a href="selenium-screenshot-3.png"&gt;&lt;img src="selenium-screenshot-3.png" width="800px"&gt;&lt;/a&gt;</msg>
<status status="PASS" starttime="20221027 10:51:14.128" endtime="20221027 10:51:14.822"/>
</kw>
<kw name="Close Browser" library="SeleniumLibrary">
<doc>Closes the current browser.</doc>
<status status="PASS" starttime="20221027 10:51:14.822" endtime="20221027 10:51:25.152"/>
</kw>
<status status="PASS" starttime="20221027 10:51:14.128" endtime="20221027 10:51:25.152"/>
</kw>
<doc>Esse teste verifica o login com dados de usuário válidos</doc>
<status status="PASS" starttime="20221027 10:50:51.783" endtime="20221027 10:51:25.153"/>
</test>
<doc>Essa suíte testa o site da Amazon.com.br</doc>
<status status="PASS" starttime="20221027 10:50:02.793" endtime="20221027 10:51:25.155"/>
</suite>
<statistics>
<total>
<stat pass="3" fail="0" skip="0">All Tests</stat>
</total>
<tag>
<stat pass="1" fail="0" skip="0">busca_produtos</stat>
<stat pass="1" fail="0" skip="0">categorias</stat>
<stat pass="1" fail="0" skip="0">lista_da_busca</stat>
<stat pass="1" fail="0" skip="0">menus</stat>
</tag>
<suite>
<stat pass="3" fail="0" skip="0" id="s1" name="Amazon Testes">Amazon Testes</stat>
</suite>
</statistics>
<errors>
</errors>
</robot>
